21:07:11 JkDefrag v3.36
21:07:11 Date: 2020/12/01
21:07:11 Windows version: v6.2 build 9200 
21:07:11 NtfsDisableLastAccessUpdate is inactive, using LastAccessTime for SpaceHogs.
21:07:11 Analyzing volume 'C:\'
21:07:11 Processing 'C:\*'
21:07:11 Opening volume '\\?\Volume{87a76bba-81a4-4829-8b30-3ee8426bf372}' at mountpoint 'C:'
21:07:11 Input mask: C:\*
21:07:13 Finished.
21:07:13 - Total disk space: 255406182400 bytes (237.8655 gigabytes), 62355025 clusters
21:07:13 - Bytes per cluster: 4096 bytes
21:07:13 - Number of files: 0
21:07:13 - Number of directories: 0
21:07:13 - Total size of analyzed items: 0 bytes (0.0000 gigabytes), 0 clusters
21:07:13 - Number of fragmented items: 0
21:07:13 - Total size of fragmented items: 0 bytes, 0 clusters
21:07:13 - Free disk space: 22312497152 bytes, 5447387 clusters, 8.7361% of disk
21:07:13 - Number of gaps: 118907
21:07:13 - Number of small gaps: 108956 (91.6313% of all gaps)
21:07:13 - Size of small gaps: 1234198528 bytes, 301318 clusters, 5.5314% of free disk space
21:07:13 - Number of big gaps: 9951 (8.3687% of all gaps)
21:07:13 - Size of big gaps: 21078298624 bytes, 5146069 clusters, 94.4686% of free disk space
21:07:13 - Average gap size: 45.8122 clusters
21:07:13 - Biggest gap: 96411648 bytes, 23538 clusters, 0.4321% of free disk space
21:07:13 - Average end-begin distance: 0 clusters, 0.0000% of volume size
21:07:13 Finished.
