MilkShape 3D 1.6.6a
Parsing OpenGL configuration...
Initializing mxToolKit...
Loading globals...
Creating Application...
Loading...
Initializing PluginManager...
Trying PlugIn: D:\Milkshape\ms3DSExporter.dll
Loading PlugIn: D:\Milkshape\ms3DSExporter.dll
Trying PlugIn: D:\Milkshape\ms3DSImporter.dll
Loading PlugIn: D:\Milkshape\ms3DSImporter.dll
Trying PlugIn: D:\Milkshape\ms3dtExporter.dll
Loading PlugIn: D:\Milkshape\ms3dtExporter.dll
Trying PlugIn: D:\Milkshape\msABCExporter.dll
Loading PlugIn: D:\Milkshape\msABCExporter.dll
Trying PlugIn: D:\Milkshape\msABCImporter.dll
Loading PlugIn: D:\Milkshape\msABCImporter.dll
Trying PlugIn: D:\Milkshape\msASCIIExporter.dll
Loading PlugIn: D:\Milkshape\msASCIIExporter.dll
Trying PlugIn: D:\Milkshape\msASCIIImporter.dll
Loading PlugIn: D:\Milkshape\msASCIIImporter.dll
Trying PlugIn: D:\Milkshape\msBasePlug.dll
Loading PlugIn: D:\Milkshape\msBasePlug.dll
Trying PlugIn: D:\Milkshape\msBlitz3DExporter.dll
Loading PlugIn: D:\Milkshape\msBlitz3DExporter.dll
Trying PlugIn: D:\Milkshape\msBridge.dll
Loading PlugIn: D:\Milkshape\msBridge.dll
Trying PlugIn: D:\Milkshape\msCPP.dll
Trying PlugIn: D:\Milkshape\msD3DExporter.dll
Loading PlugIn: D:\Milkshape\msD3DExporter.dll
Trying PlugIn: D:\Milkshape\msDirectXMeshTools.dll
Loading PlugIn: D:\Milkshape\msDirectXMeshTools.dll
Trying PlugIn: D:\Milkshape\msGLMImporter.dll
Loading PlugIn: D:\Milkshape\msGLMImporter.dll
Trying PlugIn: D:\Milkshape\msHeightMap.dll
Loading PlugIn: D:\Milkshape\msHeightMap.dll
Trying PlugIn: D:\Milkshape\msLathe.dll
Loading PlugIn: D:\Milkshape\msLathe.dll
Trying PlugIn: D:\Milkshape\msLUVImporter.dll
Loading PlugIn: D:\Milkshape\msLUVImporter.dll
Trying PlugIn: D:\Milkshape\msLWOExporter.dll
Loading PlugIn: D:\Milkshape\msLWOExporter.dll
Trying PlugIn: D:\Milkshape\msLWOImporter.dll
Loading PlugIn: D:\Milkshape\msLWOImporter.dll
Trying PlugIn: D:\Milkshape\msManualEdit.dll
Loading PlugIn: D:\Milkshape\msManualEdit.dll
Trying PlugIn: D:\Milkshape\msMAPExporter.dll
Loading PlugIn: D:\Milkshape\msMAPExporter.dll
Trying PlugIn: D:\Milkshape\msMDCImporter.dll
Loading PlugIn: D:\Milkshape\msMDCImporter.dll
Trying PlugIn: D:\Milkshape\msMDCImporter2.dll
Loading PlugIn: D:\Milkshape\msMDCImporter2.dll
Trying PlugIn: D:\Milkshape\msMDLDecompiler.dll
Loading PlugIn: D:\Milkshape\msMDLDecompiler.dll
Trying PlugIn: D:\Milkshape\msMDXImporter.dll
Loading PlugIn: D:\Milkshape\msMDXImporter.dll
Trying PlugIn: D:\Milkshape\msModelInfo.dll
Loading PlugIn: D:\Milkshape\msModelInfo.dll
Trying PlugIn: D:\Milkshape\msModelLib.dll
Trying PlugIn: D:\Milkshape\msNebulaExporter.dll
Loading PlugIn: D:\Milkshape\msNebulaExporter.dll
Trying PlugIn: D:\Milkshape\msNODExporter.dll
Loading PlugIn: D:\Milkshape\msNODExporter.dll
Trying PlugIn: D:\Milkshape\msNODImporter.dll
Loading PlugIn: D:\Milkshape\msNODImporter.dll
Trying PlugIn: D:\Milkshape\msNovodeX.dll
Loading PlugIn: D:\Milkshape\msNovodeX.dll
Trying PlugIn: D:\Milkshape\msOperationMirrorAll.dll
Loading PlugIn: D:\Milkshape\msOperationMirrorAll.dll
Trying PlugIn: D:\Milkshape\msOperationSmoothEdge.dll
Loading PlugIn: D:\Milkshape\msOperationSmoothEdge.dll
Trying PlugIn: D:\Milkshape\msOrbiterMesh.dll
Loading PlugIn: D:\Milkshape\msOrbiterMesh.dll
Trying PlugIn: D:\Milkshape\msProgressiveMesh.dll
Loading PlugIn: D:\Milkshape\msProgressiveMesh.dll
Trying PlugIn: D:\Milkshape\msPSKExporter.dll
Loading PlugIn: D:\Milkshape\msPSKExporter.dll
Trying PlugIn: D:\Milkshape\msPSKImporter.dll
Loading PlugIn: D:\Milkshape\msPSKImporter.dll
Trying PlugIn: D:\Milkshape\msQOBImporter.dll
Loading PlugIn: D:\Milkshape\msQOBImporter.dll
Trying PlugIn: D:\Milkshape\msRawExporter.dll
Loading PlugIn: D:\Milkshape\msRawExporter.dll
Trying PlugIn: D:\Milkshape\msRawImporter.dll
Loading PlugIn: D:\Milkshape\msRawImporter.dll
Trying PlugIn: D:\Milkshape\msRF2Exporter.dll
Loading PlugIn: D:\Milkshape\msRF2Exporter.dll
Trying PlugIn: D:\Milkshape\msRF2Importer.dll
Loading PlugIn: D:\Milkshape\msRF2Importer.dll
Trying PlugIn: D:\Milkshape\msRIBExporter.dll
Loading PlugIn: D:\Milkshape\msRIBExporter.dll
Trying PlugIn: D:\Milkshape\msScaleAnim.dll
Loading PlugIn: D:\Milkshape\msScaleAnim.dll
Trying PlugIn: D:\Milkshape\msSelPolyCount.dll
Loading PlugIn: D:\Milkshape\msSelPolyCount.dll
Trying PlugIn: D:\Milkshape\msShortCutMgr.dll
Loading PlugIn: D:\Milkshape\msShortCutMgr.dll
Trying PlugIn: D:\Milkshape\msSKBandSKDImporter.dll
Loading PlugIn: D:\Milkshape\msSKBandSKDImporter.dll
Trying PlugIn: D:\Milkshape\msSKBExporter.dll
Loading PlugIn: D:\Milkshape\msSKBExporter.dll
Trying PlugIn: D:\Milkshape\msTerGen.dll
Loading PlugIn: D:\Milkshape\msTerGen.dll
Trying PlugIn: D:\Milkshape\msTextGen.dll
Loading PlugIn: D:\Milkshape\msTextGen.dll
Trying PlugIn: D:\Milkshape\msTileTextureMapper.dll
Loading PlugIn: D:\Milkshape\msTileTextureMapper.dll
Trying PlugIn: D:\Milkshape\msTMDImporter.dll
Loading PlugIn: D:\Milkshape\msTMDImporter.dll
Trying PlugIn: D:\Milkshape\msToolExplode.dll
Loading PlugIn: D:\Milkshape\msToolExplode.dll
Trying PlugIn: D:\Milkshape\msToolFatBoy.dll
Loading PlugIn: D:\Milkshape\msToolFatBoy.dll
Trying PlugIn: D:\Milkshape\msToolReverseAnimation.dll
Loading PlugIn: D:\Milkshape\msToolReverseAnimation.dll
Trying PlugIn: D:\Milkshape\msToolScaleAll.dll
Loading PlugIn: D:\Milkshape\msToolScaleAll.dll
Trying PlugIn: D:\Milkshape\msUnify.dll
Loading PlugIn: D:\Milkshape\msUnify.dll
Trying PlugIn: D:\Milkshape\MSVCP60.dll
Trying PlugIn: D:\Milkshape\msVRML97Exporter.dll
Loading PlugIn: D:\Milkshape\msVRML97Exporter.dll
Trying PlugIn: D:\Milkshape\msXExporter.dll
Loading PlugIn: D:\Milkshape\msXExporter.dll
Trying PlugIn: D:\Milkshape\msXSIImporter.dll
Loading PlugIn: D:\Milkshape\msXSIImporter.dll
Trying PlugIn: D:\Milkshape\msZy3DOExporter.dll
Loading PlugIn: D:\Milkshape\msZy3DOExporter.dll
Creating menubar...
Creating message window...
Creating ViewportManager...
mxGlWindow, GetDC
mxGlWindow, ChoosePixelFormat
mxGlWindow, SetPixelFormat
mxGlWindow, GetPixelFormat
mxGlWindow, DescribePixelFormat
PixelFormat: 7

PixelFormat = 7
 nSize = 40
 nVersion = 1
 dwFlags = 
PFD_DRAW_TO_WINDOW|
PFD_SUPPORT_OPENGL|
PFD_DOUBLEBUFFER|
PFD_SWAP_EXCHANGE|
 iPixelType = 
PFD_TYPE_RGBA
*cColorBits = 32
 cRedBits = 8
 cRedShift = 16
 cGreenBits = 8
 cGreenShift = 8
 cBlueBits = 8
 cBlueShift = 0
 cAlphaBits = 0
 cAlphaShift = 0
 cAccumBits = 64
 cAccumRedBits = 16
 cAccumGreenBits = 16
 cAccumBlueBits = 16
 cAccumAlphaBits = 16
*cDepthBits = 24
*cStencilBits = 0
 cAuxBuffers = 0
 iLayerType = 0
 bReserved = 0
 dwLayerMask = 0
 dwVisibleMask = 0
 dwDamageMask = 0


mxGlWindow, wglCreateContext
mxGlWindow, wglMakeCurrent
mxGlWindow, GetDC
mxGlWindow, ChoosePixelFormat
mxGlWindow, SetPixelFormat
mxGlWindow, GetPixelFormat
mxGlWindow, DescribePixelFormat
PixelFormat: 7

PixelFormat = 7
 nSize = 40
 nVersion = 1
 dwFlags = 
PFD_DRAW_TO_WINDOW|
PFD_SUPPORT_OPENGL|
PFD_DOUBLEBUFFER|
PFD_SWAP_EXCHANGE|
 iPixelType = 
PFD_TYPE_RGBA
*cColorBits = 32
 cRedBits = 8
 cRedShift = 16
 cGreenBits = 8
 cGreenShift = 8
 cBlueBits = 8
 cBlueShift = 0
 cAlphaBits = 0
 cAlphaShift = 0
 cAccumBits = 64
 cAccumRedBits = 16
 cAccumGreenBits = 16
 cAccumBlueBits = 16
 cAccumAlphaBits = 16
*cDepthBits = 24
*cStencilBits = 0
 cAuxBuffers = 0
 iLayerType = 0
 bReserved = 0
 dwLayerMask = 0
 dwVisibleMask = 0
 dwDamageMask = 0


mxGlWindow, wglCreateContext
mxGlWindow, wglMakeCurrent
mxGlWindow, GetDC
mxGlWindow, ChoosePixelFormat
mxGlWindow, SetPixelFormat
mxGlWindow, GetPixelFormat
mxGlWindow, DescribePixelFormat
PixelFormat: 7

PixelFormat = 7
 nSize = 40
 nVersion = 1
 dwFlags = 
PFD_DRAW_TO_WINDOW|
PFD_SUPPORT_OPENGL|
PFD_DOUBLEBUFFER|
PFD_SWAP_EXCHANGE|
 iPixelType = 
PFD_TYPE_RGBA
*cColorBits = 32
 cRedBits = 8
 cRedShift = 16
 cGreenBits = 8
 cGreenShift = 8
 cBlueBits = 8
 cBlueShift = 0
 cAlphaBits = 0
 cAlphaShift = 0
 cAccumBits = 64
 cAccumRedBits = 16
 cAccumGreenBits = 16
 cAccumBlueBits = 16
 cAccumAlphaBits = 16
*cDepthBits = 24
*cStencilBits = 0
 cAuxBuffers = 0
 iLayerType = 0
 bReserved = 0
 dwLayerMask = 0
 dwVisibleMask = 0
 dwDamageMask = 0


mxGlWindow, wglCreateContext
mxGlWindow, wglMakeCurrent
mxGlWindow, GetDC
mxGlWindow, ChoosePixelFormat
mxGlWindow, SetPixelFormat
mxGlWindow, GetPixelFormat
mxGlWindow, DescribePixelFormat
PixelFormat: 7

PixelFormat = 7
 nSize = 40
 nVersion = 1
 dwFlags = 
PFD_DRAW_TO_WINDOW|
PFD_SUPPORT_OPENGL|
PFD_DOUBLEBUFFER|
PFD_SWAP_EXCHANGE|
 iPixelType = 
PFD_TYPE_RGBA
*cColorBits = 32
 cRedBits = 8
 cRedShift = 16
 cGreenBits = 8
 cGreenShift = 8
 cBlueBits = 8
 cBlueShift = 0
 cAlphaBits = 0
 cAlphaShift = 0
 cAccumBits = 64
 cAccumRedBits = 16
 cAccumGreenBits = 16
 cAccumBlueBits = 16
 cAccumAlphaBits = 16
*cDepthBits = 24
*cStencilBits = 0
 cAuxBuffers = 0
 iLayerType = 0
 bReserved = 0
 dwLayerMask = 0
 dwVisibleMask = 0
 dwDamageMask = 0


mxGlWindow, wglCreateContext
mxGlWindow, wglMakeCurrent
Creating ControlPanel...
Creating Material Preview...
mxGlWindow, GetDC
mxGlWindow, ChoosePixelFormat
mxGlWindow, SetPixelFormat
mxGlWindow, GetPixelFormat
mxGlWindow, DescribePixelFormat
PixelFormat: 7

PixelFormat = 7
 nSize = 40
 nVersion = 1
 dwFlags = 
PFD_DRAW_TO_WINDOW|
PFD_SUPPORT_OPENGL|
PFD_DOUBLEBUFFER|
PFD_SWAP_EXCHANGE|
 iPixelType = 
PFD_TYPE_RGBA
*cColorBits = 32
 cRedBits = 8
 cRedShift = 16
 cGreenBits = 8
 cGreenShift = 8
 cBlueBits = 8
 cBlueShift = 0
 cAlphaBits = 0
 cAlphaShift = 0
 cAccumBits = 64
 cAccumRedBits = 16
 cAccumGreenBits = 16
 cAccumBlueBits = 16
 cAccumAlphaBits = 16
*cDepthBits = 24
*cStencilBits = 0
 cAuxBuffers = 0
 iLayerType = 0
 bReserved = 0
 dwLayerMask = 0
 dwVisibleMask = 0
 dwDamageMask = 0


mxGlWindow, wglCreateContext
mxGlWindow, wglMakeCurrent
Creating StatusBar...
Creating TexCoordEditor...
mxGlWindow, GetDC
mxGlWindow, ChoosePixelFormat
mxGlWindow, SetPixelFormat
mxGlWindow, GetPixelFormat
mxGlWindow, DescribePixelFormat
PixelFormat: 7

PixelFormat = 7
 nSize = 40
 nVersion = 1
 dwFlags = 
PFD_DRAW_TO_WINDOW|
PFD_SUPPORT_OPENGL|
PFD_DOUBLEBUFFER|
PFD_SWAP_EXCHANGE|
 iPixelType = 
PFD_TYPE_RGBA
*cColorBits = 32
 cRedBits = 8
 cRedShift = 16
 cGreenBits = 8
 cGreenShift = 8
 cBlueBits = 8
 cBlueShift = 0
 cAlphaBits = 0
 cAlphaShift = 0
 cAccumBits = 64
 cAccumRedBits = 16
 cAccumGreenBits = 16
 cAccumBlueBits = 16
 cAccumAlphaBits = 16
*cDepthBits = 24
*cStencilBits = 0
 cAuxBuffers = 0
 iLayerType = 0
 bReserved = 0
 dwLayerMask = 0
 dwVisibleMask = 0
 dwDamageMask = 0


mxGlWindow, wglCreateContext
mxGlWindow, wglMakeCurrent
Creating KeyFramer...
Creating Preferences...
Initializing keyframer...
Downloading background textures...

glGetStrings:
GeForce4 Ti 4200/AGP/SSE/3DNOW!
NVIDIA Corporation
1.4.0
GL_ARB_depth_texture GL_ARB_imaging GL_ARB_multisample GL_ARB_multitexture GL_ARB_point_parameters GL_ARB_shadow GL_ARB_texture_border_clamp GL_ARB_texture_compression GL_ARB_texture_cube_map GL_ARB_texture_env_add GL_ARB_texture_env_combine GL_ARB_texture_env_dot3 GL_ARB_texture_mirrored_repeat GL_ARB_transpose_matrix GL_ARB_vertex_buffer_object GL_ARB_vertex_program GL_ARB_window_pos GL_S3_s3tc GL_EXT_abgr GL_EXT_bgra GL_EXT_blend_color GL_EXT_blend_minmax GL_EXT_blend_subtract GL_EXT_compiled_vertex_array GL_EXT_draw_range_elements GL_EXT_fog_coord GL_EXT_multi_draw_arrays GL_EXT_packed_pixels GL_EXT_paletted_texture GL_EXT_point_parameters GL_EXT_rescale_normal GL_EXT_secondary_color GL_EXT_separate_specular_color GL_EXT_shadow_funcs GL_EXT_shared_texture_palette GL_EXT_stencil_wrap GL_EXT_texture3D GL_EXT_texture_compression_s3tc GL_EXT_texture_cube_map GL_EXT_texture_edge_clamp GL_EXT_texture_env_add GL_EXT_texture_env_combine GL_EXT_texture_env_dot3 GL_EXT_texture_filter_anisotropic GL_EXT_texture_lod GL_EXT_texture_lod_bias GL_EXT_texture_object GL_EXT_vertex_array GL_HP_occlusion_test GL_IBM_texture_mirrored_repeat GL_KTX_buffer_region GL_NV_blend_square GL_NV_copy_depth_to_color GL_NV_depth_clamp GL_NV_fence GL_NV_fog_distance GL_NV_light_max_exponent GL_NV_multisample_filter_hint GL_NV_occlusion_query GL_NV_packed_depth_stencil GL_NV_pixel_data_range GL_NV_point_sprite GL_NV_register_combiners GL_NV_register_combiners2 GL_NV_texgen_reflection GL_NV_texture_compression_vtc GL_NV_texture_env_combine4 GL_NV_texture_rectangle GL_NV_texture_shader GL_NV_texture_shader2 GL_NV_texture_shader3 GL_NV_vertex_array_range GL_NV_vertex_array_range2 GL_NV_vertex_program GL_NV_vertex_program1_1 GL_NVX_ycrcb GL_SGIS_generate_mipmap GL_SGIS_multitexture GL_SGIS_texture_lod GL_SGIX_depth_texture GL_SGIX_shadow GL_WIN_swap_hint WGL_EXT_swap_control 
Settings window placement...
Preparing Context...
Done.
1
2
Running application...
Cleaning up mxToolKit.
