***  Installation Started 12/03/20 18:10  ***
Title: DX-Ball 1.09 Installation
Source: C:\Users\PCX-001-R5-3600XT\Downloads\DXBall19.EXE
Made Dir: D:\DX-Ball
File Copy: D:\DX-Ball\score.dat
File Copy: D:\DX-Ball\12flight.mds
File Copy: D:\DX-Ball\Acker-gs.mds
File Copy: D:\DX-Ball\Ao-laser.wav
File Copy: D:\DX-Ball\Bang.wav
File Copy: D:\DX-Ball\Bassdrum.wav
File Copy: D:\DX-Ball\Bigbolt.pcx
File Copy: D:\DX-Ball\Boing.wav
File Copy: D:\DX-Ball\Brain.mds
File Copy: D:\DX-Ball\Byeball.wav
File Copy: D:\DX-Ball\Candy.sbk
File Copy: D:\DX-Ball\Chisel2.sbk
File Copy: D:\DX-Ball\Default.bds
File Copy: D:\DX-Ball\DXBall.exe
File Copy: D:\DX-Ball\Effect.wav
File Copy: D:\DX-Ball\Effect2.wav
File Copy: D:\DX-Ball\Ethno_pa.mds
File Copy: D:\DX-Ball\Fanfare.wav
File Copy: D:\DX-Ball\Freebee.mds
File Copy: D:\DX-Ball\Glass.wav
File Copy: D:\DX-Ball\Gmfigaro.mds
File Copy: D:\DX-Ball\Gunfire.wav
File Copy: D:\DX-Ball\Highscor.pcx
File Copy: D:\DX-Ball\Humm.wav
File Copy: D:\DX-Ball\Intro.pcx
File Copy: D:\DX-Ball\Mainmenu.pcx
File Copy: D:\DX-Ball\Mainmenu.sbk
File Copy: D:\DX-Ball\Mball2.sbk
File Copy: D:\DX-Ball\Mbbkgrnd.pcx
File Copy: D:\DX-Ball\Orchblas.wav
File Copy: D:\DX-Ball\Orchestr.wav
File Copy: D:\DX-Ball\Padexplo.wav
File Copy: D:\DX-Ball\Peow!.wav
File Copy: D:\DX-Ball\Readme.txt
File Copy: D:\DX-Ball\Ricochet.wav
File Copy: D:\DX-Ball\Saucer.wav
File Copy: D:\DX-Ball\Sfont.sbk
File Copy: D:\DX-Ball\Sweepdow.wav
File Copy: D:\DX-Ball\Swordswi.wav
File Copy: D:\DX-Ball\Sysfont.sbk
File Copy: D:\DX-Ball\Tank.wav
File Copy: D:\DX-Ball\Thefont.sbk
File Copy: D:\DX-Ball\Thudclap.wav
File Copy: D:\DX-Ball\Voltage.wav
File Copy: D:\DX-Ball\Whine.wav
File Copy: D:\DX-Ball\Wowpulse.wav
File Copy: D:\DX-Ball\Xploshor.wav
File Copy: D:\DX-Ball\Xplosht1.wav
File Copy: D:\DX-Ball\Unwise.exe
Made Dir: C:\Users\PCX-001-R5-3600XT\AppData\Roaming\Microsoft\Windows\Start Menu\Programs\DX-Ball Game
Shell Link: C:\Users\PCX-001-R5-3600XT\AppData\Roaming\Microsoft\Windows\Start Menu\Programs\DX-Ball Game\Readme.lnk
Shell Link: C:\Users\PCX-001-R5-3600XT\AppData\Roaming\Microsoft\Windows\Start Menu\Programs\DX-Ball Game\DXBall.lnk
RegDB Key: SOFTWARE\Microsoft\Windows\CurrentVersion\Uninstall\DX-Ball 1.09
RegDB Val: DX-Ball 1.09
RegDB Name: DisplayName
RegDB Root: 2
RegDB Key: SOFTWARE\Microsoft\Windows\CurrentVersion\Uninstall\DX-Ball 1.09
RegDB Val: D:\DX-Ball\UNWISE.EXE D:\DX-Ball\INSTALL.LOG
RegDB Name: UninstallString
RegDB Root: 2
User Rights: Admin
